e:\study\项目\进程隐藏(ring3)\processhider\minihookdll\release\minihookdll.pch
e:\study\项目\进程隐藏(ring3)\processhider\minihookdll\release\vc141.pdb
e:\study\项目\进程隐藏(ring3)\processhider\minihookdll\release\stdafx.obj
e:\study\项目\进程隐藏(ring3)\processhider\minihookdll\release\trampoline.obj
e:\study\项目\进程隐藏(ring3)\processhider\minihookdll\release\thread.obj
e:\study\项目\进程隐藏(ring3)\processhider\minihookdll\release\minihook-dll.obj
e:\study\项目\进程隐藏(ring3)\processhider\minihookdll\release\globalhook.obj
e:\study\项目\进程隐藏(ring3)\processhider\minihookdll\release\dllmain.obj
e:\study\项目\进程隐藏(ring3)\processhider\minihookdll\release\buffer.obj
e:\study\项目\进程隐藏(ring3)\processhider\minihookdll\release\hde64.obj
e:\study\项目\进程隐藏(ring3)\processhider\minihookdll\release\hde32.obj
e:\study\项目\进程隐藏(ring3)\processhider\release\minihookdll.dll
e:\study\项目\进程隐藏(ring3)\processhider\release\minihookdll.pdb
e:\study\项目\进程隐藏(ring3)\processhider\release\minihookdll.lib
e:\study\项目\进程隐藏(ring3)\processhider\release\minihookdll.exp
e:\study\项目\进程隐藏(ring3)\processhider\release\minihookdll.ipdb
e:\study\项目\进程隐藏(ring3)\processhider\release\minihookdll.iobj
e:\study\项目\进程隐藏(ring3)\processhider\minihookdll\release\minihookdll.tlog\cl.command.1.tlog
e:\study\项目\进程隐藏(ring3)\processhider\minihookdll\release\minihookdll.tlog\cl.read.1.tlog
e:\study\项目\进程隐藏(ring3)\processhider\minihookdll\release\minihookdll.tlog\cl.write.1.tlog
e:\study\项目\进程隐藏(ring3)\processhider\minihookdll\release\minihookdll.tlog\link.command.1.tlog
e:\study\项目\进程隐藏(ring3)\processhider\minihookdll\release\minihookdll.tlog\link.read.1.tlog
e:\study\项目\进程隐藏(ring3)\processhider\minihookdll\release\minihookdll.tlog\link.write.1.tlog
e:\study\项目\进程隐藏(ring3)\processhider\minihookdll\release\minihookdll.tlog\minihookdll.write.1u.tlog
