c:\users\soma\desktop\processhider\minihookdll\x64\debug\minihookdll.pch
c:\users\soma\desktop\processhider\minihookdll\x64\debug\vc141.pdb
c:\users\soma\desktop\processhider\minihookdll\x64\debug\vc141.idb
c:\users\soma\desktop\processhider\minihookdll\x64\debug\stdafx.obj
c:\users\soma\desktop\processhider\minihookdll\x64\debug\trampoline.obj
c:\users\soma\desktop\processhider\minihookdll\x64\debug\thread.obj
c:\users\soma\desktop\processhider\minihookdll\x64\debug\minihook-dll.obj
c:\users\soma\desktop\processhider\minihookdll\x64\debug\globalhook.obj
c:\users\soma\desktop\processhider\minihookdll\x64\debug\dllmain.obj
c:\users\soma\desktop\processhider\minihookdll\x64\debug\buffer.obj
c:\users\soma\desktop\processhider\minihookdll\x64\debug\hde64.obj
c:\users\soma\desktop\processhider\minihookdll\x64\debug\hde32.obj
c:\users\soma\desktop\processhider\x64\debug\minihookdll.ilk
c:\users\soma\desktop\processhider\x64\debug\minihookdll.dll
c:\users\soma\desktop\processhider\x64\debug\minihookdll.pdb
c:\users\soma\desktop\processhider\x64\debug\minihookdll.lib
c:\users\soma\desktop\processhider\x64\debug\minihookdll.exp
c:\users\soma\desktop\processhider\minihookdll\x64\debug\minihookdll.tlog\cl.command.1.tlog
c:\users\soma\desktop\processhider\minihookdll\x64\debug\minihookdll.tlog\cl.read.1.tlog
c:\users\soma\desktop\processhider\minihookdll\x64\debug\minihookdll.tlog\cl.write.1.tlog
c:\users\soma\desktop\processhider\minihookdll\x64\debug\minihookdll.tlog\link.command.1.tlog
c:\users\soma\desktop\processhider\minihookdll\x64\debug\minihookdll.tlog\link.read.1.tlog
c:\users\soma\desktop\processhider\minihookdll\x64\debug\minihookdll.tlog\link.write.1.tlog
c:\users\soma\desktop\processhider\minihookdll\x64\debug\minihookdll.tlog\minihookdll.write.1u.tlog
